[handleMsg]:  {
  key: {
    remoteJid: '56963751109@s.whatsapp.net',
    fromMe: false,
    id: '3A97DDF55E3FBC9A619E',
    participant: undefined
  },
  messageTimestamp: 1685118918,
  pushName: 'Esteban',
  message: Message {
    conversation: 'Hola',
    messageContextInfo: MessageContextInfo {
      deviceListMetadata: [DeviceListMetadata],
      deviceListMetadataVersion: 2
    }
  },
  body: 'Hola',
  from: '56963751109'
}
[handleMsg]:  {
  key: {
    remoteJid: '56963751109@s.whatsapp.net',
    fromMe: false,
    id: '3ADAAEA44D563D1EF84E',
    participant: undefined
  },
  messageTimestamp: 1685118924,
  pushName: 'Esteban',
  message: Message {
    conversation: 'Chao',
    messageContextInfo: MessageContextInfo {
      deviceListMetadata: [DeviceListMetadata],
      deviceListMetadataVersion: 2
    }
  },
  body: 'Chao',
  from: '56963751109'
}
